#
# A fatal error has been detected by the Java Runtime Environment:
#
#  EXCEPTION_ACCESS_VIOLATION (0xc0000005) at pc=0x0000000033f71066, pid=10884, tid=9288
#
# JRE version: Java(TM) SE Runtime Environment (8.0_51-b16) (build 1.8.0_51-b16)
# Java VM: Java HotSpot(TM) 64-Bit Server VM (25.51-b03 mixed mode windows-amd64 compressed oops)
# Problematic frame:
# C  [OpenAL64.dll+0x11066]
#
# Failed to write core dump. Minidumps are not enabled by default on client versions of Windows
#
# If you would like to submit a bug report, please visit:
#   http://bugreport.java.com/bugreport/crash.jsp
# The crash happened outside the Java Virtual Machine in native code.
# See problematic frame for where to report the bug.
#

---------------  T H R E A D  ---------------

Current thread (0x0000000029b56800):  JavaThread "Thread-9" [_thread_in_native, id=9288, stack(0x0000000035530000,0x0000000035630000)]

siginfo: ExceptionCode=0xc0000005, reading address 0x0000000029f6b004

Registers:
RAX=0x0000000000000004, RBX=0x000000003bdc0090, RCX=0x0000000029f6b008, RDX=0x0000000029f6b004
RSP=0x000000003562f1d0, RBP=0x00000000000000ff, RSI=0x0000000029f63c3c, RDI=0x0000000000000000
R8 =0x0000000000001cf2, R9 =0x0000000029f63c3c, R10=0x0000000002d85ea8, R11=0x00000000724f7bb0
R12=0x0000000000000001, R13=0x0000000040a4cf48, R14=0x000000003562f368, R15=0x0000000029b56800
RIP=0x0000000033f71066, EFLAGS=0x0000000000010202

Top of Stack: (sp=0x000000003562f1d0)
0x000000003562f1d0:   0000000000000000 000000007239b52b
0x000000003562f1e0:   0000000029b56800 0000000029b56800
0x000000003562f1f0:   0000000040a4cf48 0000000000000000
0x000000003562f200:   0000000029b56800 0000000029f5fb10
0x000000003562f210:   0000000040a4cf48 000000003562f368
0x000000003562f220:   000000002c0b3460 0000000072389836
0x000000003562f230:   000000003562f9d8 000000002709a990
0x000000003562f240:   0000000029b56800 000000003562f368
0x000000003562f250:   0000000040a4cf48 0000000000000000
0x000000003562f260:   0000000029f63c3c 0000000029f63c20
0x000000003562f270:   000000003562f330 0000000033f7248f
0x000000003562f280:   000000003bdc0090 000000003bdc0090
0x000000003562f290:   000000000000ac44 0000000000000004
0x000000003562f2a0:   0000000002d77800 0000000002d85ed4
0x000000003562f2b0:   0000000040a4cf48 0000000002d85c3d
0x000000003562f2c0:   0000000029b56800 0000000040a4cf48 

Instructions: (pc=0x0000000033f71066)
0x0000000033f71046:   41 2b ec 81 3a 03 00 02 00 75 09 8b 01 89 84 24
0x0000000033f71056:   c8 00 00 00 49 83 c0 02 48 83 c1 08 4a 8d 14 86
0x0000000033f71066:   39 3a 75 af 4c 8d 84 24 c0 00 00 00 48 8d 15 d7
0x0000000033f71076:   2b 03 00 33 c9 e8 58 5f 00 00 b8 40 1f 00 00 4c 


Register to memory mapping:

RAX=0x0000000000000004 is an unknown value
RBX=0x000000003bdc0090 is an unknown value
RCX=0x0000000029f6b008 is an unknown value
RDX=0x0000000029f6b004 is an unknown value
RSP=0x000000003562f1d0 is pointing into the stack for thread: 0x0000000029b56800
RBP=0x00000000000000ff is an unknown value
RSI=0x0000000029f63c3c is an unknown value
RDI=0x0000000000000000 is an unknown value
R8 =0x0000000000001cf2 is an unknown value
R9 =0x0000000029f63c3c is an unknown value
R10=0x0000000002d85ea8 is at code_begin+840 in an Interpreter codelet
method entry point (kind = native)  [0x0000000002d85b60, 0x0000000002d864c0]  2400 bytes
R11=0x00000000724f7bb0 is an unknown value
R12=0x0000000000000001 is an unknown value
R13={method} {0x0000000040a4cf50} 'nalcCreateContext' '(JJ)J' in 'org/lwjgl/openal/ALC10'
R14=0x000000003562f368 is pointing into the stack for thread: 0x0000000029b56800
R15=0x0000000029b56800 is a thread


Stack: [0x0000000035530000,0x0000000035630000],  sp=0x000000003562f1d0,  free space=1020k
Native frames: (J=compiled Java code, j=interpreted, Vv=VM code, C=native code)
C  [OpenAL64.dll+0x11066]
C  [OpenAL64.dll+0x1248f]
C  0x0000000002d85ed4

Java frames: (J=compiled Java code, j=interpreted, Vv=VM code)
j  org.lwjgl.openal.ALC10.nalcCreateContext(JJ)J+0
j  org.lwjgl.openal.ALC10.alcCreateContext(Lorg/lwjgl/openal/ALCdevice;Ljava/nio/IntBuffer;)Lorg/lwjgl/openal/ALCcontext;+8
j  org.lwjgl.openal.AL.init(Ljava/lang/String;IIZZ)V+69
j  org.lwjgl.openal.AL.create(Ljava/lang/String;IIZZ)V+246
j  org.lwjgl.openal.AL.create(Ljava/lang/String;IIZ)V+5
j  org.lwjgl.openal.AL.create()V+6
j  paulscode.sound.libraries.LibraryLWJGLOpenAL.init()V+2
j  paulscode.sound.SoundSystem.CommandNewLibrary(Ljava/lang/Class;)V+273
j  paulscode.sound.SoundSystem.CommandQueue(Lpaulscode/sound/CommandObject;)Z+1206
j  paulscode.sound.CommandThread.run()V+51
v  ~StubRoutines::call_stub

---------------  P R O C E S S  ---------------

Java Threads: ( => current thread )
  0x0000000029b59000 JavaThread "Thread-10" [_thread_blocked, id=14992, stack(0x0000000035a50000,0x0000000035b50000)]
=>0x0000000029b56800 JavaThread "Thread-9" [_thread_in_native, id=9288, stack(0x0000000035530000,0x0000000035630000)]
  0x0000000029b58000 JavaThread "Sound Library Loader" [_thread_blocked, id=4648, stack(0x0000000033e60000,0x0000000033f60000)]
  0x0000000029b54800 JavaThread "Thread-7" [_thread_blocked, id=14396, stack(0x000000003bcc0000,0x000000003bdc0000)]
  0x000000002d63b800 JavaThread "ForkJoinPool.commonPool-worker-3" daemon [_thread_blocked, id=13216, stack(0x000000003b9c0000,0x000000003bac0000)]
  0x000000002d63e800 JavaThread "ForkJoinPool.commonPool-worker-1" daemon [_thread_blocked, id=10620, stack(0x000000003b8c0000,0x000000003b9c0000)]
  0x000000002d63e000 JavaThread "ForkJoinPool.commonPool-worker-15" daemon [_thread_blocked, id=15004, stack(0x000000003a9d0000,0x000000003aad0000)]
  0x000000002d63a000 JavaThread "ForkJoinPool.commonPool-worker-6" daemon [_thread_blocked, id=8248, stack(0x0000000035df0000,0x0000000035ef0000)]
  0x0000000028515000 JavaThread "ForkJoinPool.commonPool-worker-13" daemon [_thread_blocked, id=11920, stack(0x0000000035cf0000,0x0000000035df0000)]
  0x0000000029220800 JavaThread "ForkJoinPool.commonPool-worker-4" daemon [_thread_blocked, id=15324, stack(0x0000000035bf0000,0x0000000035cf0000)]
  0x0000000029c90000 JavaThread "ForkJoinPool.commonPool-worker-11" daemon [_thread_blocked, id=7140, stack(0x0000000035950000,0x0000000035a50000)]
  0x0000000031cbe800 JavaThread "ForkJoinPool.commonPool-worker-9" daemon [_thread_blocked, id=14124, stack(0x0000000035430000,0x0000000035530000)]
  0x000000002eb9a000 JavaThread "LWJGL Timer" daemon [_thread_blocked, id=15032, stack(0x0000000035330000,0x0000000035430000)]
  0x000000002ee24800 JavaThread "Thread-3" [_thread_blocked, id=1332, stack(0x00000000360c0000,0x00000000361c0000)]
  0x000000002a4d1000 JavaThread "Java2D Disposer" daemon [_thread_blocked, id=14708, stack(0x0000000030620000,0x0000000030720000)]
  0x000000002b8b7800 JavaThread "Timer hack thread" daemon [_thread_blocked, id=7856, stack(0x0000000030520000,0x0000000030620000)]
  0x0000000029113800 JavaThread "Snooper Timer" daemon [_thread_blocked, id=3316, stack(0x000000002c9c0000,0x000000002cac0000)]
  0x00000000270f8000 JavaThread "Service Thread" daemon [_thread_blocked, id=11448, stack(0x0000000027dc0000,0x0000000027ec0000)]
  0x0000000027051800 JavaThread "C1 CompilerThread3" daemon [_thread_blocked, id=11220, stack(0x0000000027cc0000,0x0000000027dc0000)]
  0x0000000027051000 JavaThread "C2 CompilerThread2" daemon [_thread_in_native, id=11484, stack(0x0000000027bc0000,0x0000000027cc0000)]
  0x0000000027050000 JavaThread "C2 CompilerThread1" daemon [_thread_blocked, id=8764, stack(0x0000000027ac0000,0x0000000027bc0000)]
  0x000000002704c000 JavaThread "C2 CompilerThread0" daemon [_thread_in_native, id=11776, stack(0x00000000279c0000,0x0000000027ac0000)]
  0x0000000027049800 JavaThread "Attach Listener" daemon [_thread_blocked, id=13504, stack(0x00000000278c0000,0x00000000279c0000)]
  0x0000000027047000 JavaThread "Signal Dispatcher" daemon [_thread_blocked, id=15008, stack(0x00000000277c0000,0x00000000278c0000)]
  0x0000000027046000 JavaThread "Surrogate Locker Thread (Concurrent GC)" daemon [_thread_blocked, id=10788, stack(0x00000000276c0000,0x00000000277c0000)]
  0x000000002702d800 JavaThread "Finalizer" daemon [_thread_blocked, id=3412, stack(0x00000000275c0000,0x00000000276c0000)]
  0x0000000027027800 JavaThread "Reference Handler" daemon [_thread_blocked, id=11164, stack(0x00000000273c0000,0x00000000274c0000)]
  0x0000000002c73800 JavaThread "Client thread" [_thread_in_Java, id=7732, stack(0x0000000002b30000,0x0000000002c30000)]

Other Threads:
  0x0000000027022000 VMThread [stack: 0x00000000272c0000,0x00000000273c0000] [id=11676]
  0x00000000270fd000 WatcherThread [stack: 0x0000000027ec0000,0x0000000027fc0000] [id=6396]

VM state:not at safepoint (normal execution)

VM Mutex/Monitor currently owned by a thread: None

Heap:
 garbage-first heap   total 6291456K, used 1116316K [0x0000000640000000, 0x0000000642000600, 0x00000007c0000000)
  region size 32768K, 4 young (131072K), 1 survivors (32768K)
 Metaspace       used 117678K, capacity 132873K, committed 133068K, reserved 1150976K
  class space    used 21428K, capacity 31155K, committed 31180K, reserved 1048576K

Heap Regions: (Y=young(eden), SU=young(survivor), HS=humongous(starts), HC=humongous(continues), CS=collection set, F=free, TS=gc time stamp, PTAMS=previous top-at-mark-start, NTAMS=next top-at-mark-start)
AC   0  O    TS     0 PTAMS 0x0000000642000000 NTAMS 0x0000000642000000 space 32768K, 100% used [0x0000000640000000, 0x0000000642000000)
AC   0  O    TS     0 PTAMS 0x0000000644000000 NTAMS 0x0000000644000000 space 32768K, 100% used [0x0000000642000000, 0x0000000644000000)
AC   0  O    TS     0 PTAMS 0x0000000646000000 NTAMS 0x0000000646000000 space 32768K, 100% used [0x0000000644000000, 0x0000000646000000)
AC   0  O    TS     1 PTAMS 0x0000000647951600 NTAMS 0x0000000647951600 space 32768K, 100% used [0x0000000646000000, 0x0000000648000000)
AC   0  O    TS     0 PTAMS 0x000000064a000000 NTAMS 0x000000064a000000 space 32768K, 100% used [0x0000000648000000, 0x000000064a000000)
AC   0  O    TS     0 PTAMS 0x000000064c000000 NTAMS 0x000000064c000000 space 32768K, 100% used [0x000000064a000000, 0x000000064c000000)
AC   0  O    TS     0 PTAMS 0x000000064e000000 NTAMS 0x000000064e000000 space 32768K, 100% used [0x000000064c000000, 0x000000064e000000)
AC   0  O    TS     0 PTAMS 0x0000000650000000 NTAMS 0x0000000650000000 space 32768K, 100% used [0x000000064e000000, 0x0000000650000000)
AC   0  O    TS     0 PTAMS 0x0000000652000000 NTAMS 0x0000000652000000 space 32768K, 100% used [0x0000000650000000, 0x0000000652000000)
AC   0  O    TS     1 PTAMS 0x0000000652000000 NTAMS 0x0000000652000000 space 32768K,  56% used [0x0000000652000000, 0x0000000654000000)
AC   0  O    TS     0 PTAMS 0x0000000656000000 NTAMS 0x0000000656000000 space 32768K, 100% used [0x0000000654000000, 0x0000000656000000)
AC   0 HS    TS     0 PTAMS 0x0000000657000010 NTAMS 0x0000000657000010 space 32768K,  50% used [0x0000000656000000, 0x0000000658000000)
AC   0  O    TS     0 PTAMS 0x000000065a000000 NTAMS 0x000000065a000000 space 32768K, 100% used [0x0000000658000000, 0x000000065a000000)
AC   0  O    TS     0 PTAMS 0x000000065c000000 NTAMS 0x000000065c000000 space 32768K, 100% used [0x000000065a000000, 0x000000065c000000)
AC   0  O    TS     0 PTAMS 0x000000065e000000 NTAMS 0x000000065e000000 space 32768K, 100% used [0x000000065c000000, 0x000000065e000000)
AC   0  O    TS     0 PTAMS 0x0000000660000000 NTAMS 0x0000000660000000 space 32768K, 100% used [0x000000065e000000, 0x0000000660000000)
AC   0  O    TS     0 PTAMS 0x0000000662000000 NTAMS 0x0000000662000000 space 32768K, 100% used [0x0000000660000000, 0x0000000662000000)
AC   0  O    TS     0 PTAMS 0x0000000664000000 NTAMS 0x0000000664000000 space 32768K, 100% used [0x0000000662000000, 0x0000000664000000)
AC   0  O    TS     0 PTAMS 0x0000000666000000 NTAMS 0x0000000666000000 space 32768K, 100% used [0x0000000664000000, 0x0000000666000000)
AC   0  O    TS     0 PTAMS 0x0000000668000000 NTAMS 0x0000000668000000 space 32768K, 100% used [0x0000000666000000, 0x0000000668000000)
AC   0  O    TS     0 PTAMS 0x000000066a000000 NTAMS 0x000000066a000000 space 32768K, 100% used [0x0000000668000000, 0x000000066a000000)
AC   0  O    TS     0 PTAMS 0x000000066c000000 NTAMS 0x000000066c000000 space 32768K, 100% used [0x000000066a000000, 0x000000066c000000)
AC   0  O    TS     0 PTAMS 0x000000066e000000 NTAMS 0x000000066e000000 space 32768K, 100% used [0x000000066c000000, 0x000000066e000000)
AC   0  O    TS     0 PTAMS 0x0000000670000000 NTAMS 0x0000000670000000 space 32768K, 100% used [0x000000066e000000, 0x0000000670000000)
AC   0  O    TS     0 PTAMS 0x0000000672000000 NTAMS 0x0000000672000000 space 32768K, 100% used [0x0000000670000000, 0x0000000672000000)
AC   0  O    TS     0 PTAMS 0x0000000674000000 NTAMS 0x0000000674000000 space 32768K, 100% used [0x0000000672000000, 0x0000000674000000)
AC   0  O    TS     0 PTAMS 0x0000000676000000 NTAMS 0x0000000676000000 space 32768K, 100% used [0x0000000674000000, 0x0000000676000000)
AC   0  O    TS     0 PTAMS 0x0000000678000000 NTAMS 0x0000000678000000 space 32768K, 100% used [0x0000000676000000, 0x0000000678000000)
AC   0  O    TS     0 PTAMS 0x000000067a000000 NTAMS 0x000000067a000000 space 32768K, 100% used [0x0000000678000000, 0x000000067a000000)
AC   0  O    TS     0 PTAMS 0x000000067c000000 NTAMS 0x000000067c000000 space 32768K, 100% used [0x000000067a000000, 0x000000067c000000)
AC   0  O    TS     0 PTAMS 0x000000067e000000 NTAMS 0x000000067e000000 space 32768K, 100% used [0x000000067c000000, 0x000000067e000000)
AC   0  O    TS     0 PTAMS 0x0000000680000000 NTAMS 0x0000000680000000 space 32768K, 100% used [0x000000067e000000, 0x0000000680000000)
AC   0  F    TS     0 PTAMS 0x0000000680000000 NTAMS 0x0000000680000000 space 32768K,   0% used [0x0000000680000000, 0x0000000682000000)
AC   0  F    TS     0 PTAMS 0x0000000682000000 NTAMS 0x0000000682000000 space 32768K,   0% used [0x0000000682000000, 0x0000000684000000)
AC   0  F    TS     0 PTAMS 0x0000000684000000 NTAMS 0x0000000684000000 space 32768K,   0% used [0x0000000684000000, 0x0000000686000000)
AC   0  F    TS     0 PTAMS 0x0000000686000000 NTAMS 0x0000000686000000 space 32768K,   0% used [0x0000000686000000, 0x0000000688000000)
AC   0  F    TS     0 PTAMS 0x0000000688000000 NTAMS 0x0000000688000000 space 32768K,   0% used [0x0000000688000000, 0x000000068a000000)
AC   0  F    TS     0 PTAMS 0x000000068a000000 NTAMS 0x000000068a000000 space 32768K,   0% used [0x000000068a000000, 0x000000068c000000)
AC   0  F    TS     0 PTAMS 0x000000068c000000 NTAMS 0x000000068c000000 space 32768K,   0% used [0x000000068c000000, 0x000000068e000000)
AC   0  F    TS     0 PTAMS 0x000000068e000000 NTAMS 0x000000068e000000 space 32768K,   0% used [0x000000068e000000, 0x0000000690000000)
AC   0  F    TS     0 PTAMS 0x0000000690000000 NTAMS 0x0000000690000000 space 32768K,   0% used [0x0000000690000000, 0x0000000692000000)
AC   0  F    TS     0 PTAMS 0x0000000692000000 NTAMS 0x0000000692000000 space 32768K,   0% used [0x0000000692000000, 0x0000000694000000)
AC   0  F    TS     0 PTAMS 0x0000000694000000 NTAMS 0x0000000694000000 space 32768K,   0% used [0x0000000694000000, 0x0000000696000000)
AC   0  F    TS     0 PTAMS 0x0000000696000000 NTAMS 0x0000000696000000 space 32768K,   0% used [0x0000000696000000, 0x0000000698000000)
AC   0  F    TS     0 PTAMS 0x0000000698000000 NTAMS 0x0000000698000000 space 32768K,   0% used [0x0000000698000000, 0x000000069a000000)
AC   0  F    TS     0 PTAMS 0x000000069a000000 NTAMS 0x000000069a000000 space 32768K,   0% used [0x000000069a000000, 0x000000069c000000)
AC   0  F    TS     0 PTAMS 0x000000069c000000 NTAMS 0x000000069c000000 space 32768K,   0% used [0x000000069c000000, 0x000000069e000000)
AC   0  F    TS     0 PTAMS 0x000000069e000000 NTAMS 0x000000069e000000 space 32768K,   0% used [0x000000069e000000, 0x00000006a0000000)
AC   0  F    TS     0 PTAMS 0x00000006a0000000 NTAMS 0x00000006a0000000 space 32768K,   0% used [0x00000006a0000000, 0x00000006a2000000)
AC   0  F    TS     0 PTAMS 0x00000006a2000000 NTAMS 0x00000006a2000000 space 32768K,   0% used [0x00000006a2000000, 0x00000006a4000000)
AC   0  F    TS     0 PTAMS 0x00000006a4000000 NTAMS 0x00000006a4000000 space 32768K,   0% used [0x00000006a4000000, 0x00000006a6000000)
AC   0  F    TS     0 PTAMS 0x00000006a6000000 NTAMS 0x00000006a6000000 space 32768K,   0% used [0x00000006a6000000, 0x00000006a8000000)
AC   0  F    TS     0 PTAMS 0x00000006a8000000 NTAMS 0x00000006a8000000 space 32768K,   0% used [0x00000006a8000000, 0x00000006aa000000)
AC   0  F    TS     0 PTAMS 0x00000006aa000000 NTAMS 0x00000006aa000000 space 32768K,   0% used [0x00000006aa000000, 0x00000006ac000000)
AC   0  F    TS     0 PTAMS 0x00000006ac000000 NTAMS 0x00000006ac000000 space 32768K,   0% used [0x00000006ac000000, 0x00000006ae000000)
AC   0  F    TS     0 PTAMS 0x00000006ae000000 NTAMS 0x00000006ae000000 space 32768K,   0% used [0x00000006ae000000, 0x00000006b0000000)
AC   0  F    TS     0 PTAMS 0x00000006b0000000 NTAMS 0x00000006b0000000 space 32768K,   0% used [0x00000006b0000000, 0x00000006b2000000)
AC   0  F    TS     0 PTAMS 0x00000006b2000000 NTAMS 0x00000006b2000000 space 32768K,   0% used [0x00000006b2000000, 0x00000006b4000000)
AC   0  F    TS     0 PTAMS 0x00000006b4000000 NTAMS 0x00000006b4000000 space 32768K,   0% used [0x00000006b4000000, 0x00000006b6000000)
AC   0  F    TS     0 PTAMS 0x00000006b6000000 NTAMS 0x00000006b6000000 space 32768K,   0% used [0x00000006b6000000, 0x00000006b8000000)
AC   0  F    TS     0 PTAMS 0x00000006b8000000 NTAMS 0x00000006b8000000 space 32768K,   0% used [0x00000006b8000000, 0x00000006ba000000)
AC   0  F    TS     0 PTAMS 0x00000006ba000000 NTAMS 0x00000006ba000000 space 32768K,   0% used [0x00000006ba000000, 0x00000006bc000000)
AC   0  F    TS     0 PTAMS 0x00000006bc000000 NTAMS 0x00000006bc000000 space 32768K,   0% used [0x00000006bc000000, 0x00000006be000000)
AC   0  F    TS     0 PTAMS 0x00000006be000000 NTAMS 0x00000006be000000 space 32768K,   0% used [0x00000006be000000, 0x00000006c0000000)
AC   0  F    TS     0 PTAMS 0x00000006c0000000 NTAMS 0x00000006c0000000 space 32768K,   0% used [0x00000006c0000000, 0x00000006c2000000)
AC   0  F    TS     0 PTAMS 0x00000006c2000000 NTAMS 0x00000006c2000000 space 32768K,   0% used [0x00000006c2000000, 0x00000006c4000000)
AC   0  F    TS     0 PTAMS 0x00000006c4000000 NTAMS 0x00000006c4000000 space 32768K,   0% used [0x00000006c4000000, 0x00000006c6000000)
AC   0  F    TS     0 PTAMS 0x00000006c6000000 NTAMS 0x00000006c6000000 space 32768K,   0% used [0x00000006c6000000, 0x00000006c8000000)
AC   0  F    TS     0 PTAMS 0x00000006c8000000 NTAMS 0x00000006c8000000 space 32768K,   0% used [0x00000006c8000000, 0x00000006ca000000)
AC   0  F    TS     0 PTAMS 0x00000006ca000000 NTAMS 0x00000006ca000000 space 32768K,   0% used [0x00000006ca000000, 0x00000006cc000000)
AC   0  F    TS     0 PTAMS 0x00000006cc000000 NTAMS 0x00000006cc000000 space 32768K,   0% used [0x00000006cc000000, 0x00000006ce000000)
AC   0  F    TS     0 PTAMS 0x00000006ce000000 NTAMS 0x00000006ce000000 space 32768K,   0% used [0x00000006ce000000, 0x00000006d0000000)
AC   0  F    TS     0 PTAMS 0x00000006d0000000 NTAMS 0x00000006d0000000 space 32768K,   0% used [0x00000006d0000000, 0x00000006d2000000)
AC   0  F    TS     0 PTAMS 0x00000006d2000000 NTAMS 0x00000006d2000000 space 32768K,   0% used [0x00000006d2000000, 0x00000006d4000000)
AC   0  F    TS     0 PTAMS 0x00000006d4000000 NTAMS 0x00000006d4000000 space 32768K,   0% used [0x00000006d4000000, 0x00000006d6000000)
AC   0  F    TS     0 PTAMS 0x00000006d6000000 NTAMS 0x00000006d6000000 space 32768K,   0% used [0x00000006d6000000, 0x00000006d8000000)
AC   0  F    TS     0 PTAMS 0x00000006d8000000 NTAMS 0x00000006d8000000 space 32768K,   0% used [0x00000006d8000000, 0x00000006da000000)
AC   0  F    TS     0 PTAMS 0x00000006da000000 NTAMS 0x00000006da000000 space 32768K,   0% used [0x00000006da000000, 0x00000006dc000000)
AC   0  F    TS     0 PTAMS 0x00000006dc000000 NTAMS 0x00000006dc000000 space 32768K,   0% used [0x00000006dc000000, 0x00000006de000000)
AC   0  F    TS     0 PTAMS 0x00000006de000000 NTAMS 0x00000006de000000 space 32768K,   0% used [0x00000006de000000, 0x00000006e0000000)
AC   0  F    TS     0 PTAMS 0x00000006e0000000 NTAMS 0x00000006e0000000 space 32768K,   0% used [0x00000006e0000000, 0x00000006e2000000)
AC   0  F    TS     0 PTAMS 0x00000006e2000000 NTAMS 0x00000006e2000000 space 32768K,   0% used [0x00000006e2000000, 0x00000006e4000000)
AC   0  F    TS     0 PTAMS 0x00000006e4000000 NTAMS 0x00000006e4000000 space 32768K,   0% used [0x00000006e4000000, 0x00000006e6000000)
AC   0  F    TS     0 PTAMS 0x00000006e6000000 NTAMS 0x00000006e6000000 space 32768K,   0% used [0x00000006e6000000, 0x00000006e8000000)
AC   0  F    TS     0 PTAMS 0x00000006e8000000 NTAMS 0x00000006e8000000 space 32768K,   0% used [0x00000006e8000000, 0x00000006ea000000)
AC   0  F    TS     0 PTAMS 0x00000006ea000000 NTAMS 0x00000006ea000000 space 32768K,   0% used [0x00000006ea000000, 0x00000006ec000000)
AC   0  F    TS     0 PTAMS 0x00000006ec000000 NTAMS 0x00000006ec000000 space 32768K,   0% used [0x00000006ec000000, 0x00000006ee000000)
AC   0  F    TS     0 PTAMS 0x00000006ee000000 NTAMS 0x00000006ee000000 space 32768K,   0% used [0x00000006ee000000, 0x00000006f0000000)
AC   0  F    TS     0 PTAMS 0x00000006f0000000 NTAMS 0x00000006f0000000 space 32768K,   0% used [0x00000006f0000000, 0x00000006f2000000)
AC   0  F    TS     0 PTAMS 0x00000006f2000000 NTAMS 0x00000006f2000000 space 32768K,   0% used [0x00000006f2000000, 0x00000006f4000000)
AC   0  F    TS     0 PTAMS 0x00000006f4000000 NTAMS 0x00000006f4000000 space 32768K,   0% used [0x00000006f4000000, 0x00000006f6000000)
AC   0  F    TS     0 PTAMS 0x00000006f6000000 NTAMS 0x00000006f6000000 space 32768K,   0% used [0x00000006f6000000, 0x00000006f8000000)
AC   0  F    TS     0 PTAMS 0x00000006f8000000 NTAMS 0x00000006f8000000 space 32768K,   0% used [0x00000006f8000000, 0x00000006fa000000)
AC   0  F    TS     0 PTAMS 0x00000006fa000000 NTAMS 0x00000006fa000000 space 32768K,   0% used [0x00000006fa000000, 0x00000006fc000000)
AC   0  F    TS     0 PTAMS 0x00000006fc000000 NTAMS 0x00000006fc000000 space 32768K,   0% used [0x00000006fc000000, 0x00000006fe000000)
AC   0  F    TS     0 PTAMS 0x00000006fe000000 NTAMS 0x00000006fe000000 space 32768K,   0% used [0x00000006fe000000, 0x0000000700000000)
AC   0  F    TS     0 PTAMS 0x0000000700000000 NTAMS 0x0000000700000000 space 32768K,   0% used [0x0000000700000000, 0x0000000702000000)
AC   0  F    TS     0 PTAMS 0x0000000702000000 NTAMS 0x0000000702000000 space 32768K,   0% used [0x0000000702000000, 0x0000000704000000)
AC   0  F    TS     0 PTAMS 0x0000000704000000 NTAMS 0x0000000704000000 space 32768K,   0% used [0x0000000704000000, 0x0000000706000000)
AC   0  F    TS     0 PTAMS 0x0000000706000000 NTAMS 0x0000000706000000 space 32768K,   0% used [0x0000000706000000, 0x0000000708000000)
AC   0  F    TS     0 PTAMS 0x0000000708000000 NTAMS 0x0000000708000000 space 32768K,   0% used [0x0000000708000000, 0x000000070a000000)
AC   0  F    TS     0 PTAMS 0x000000070a000000 NTAMS 0x000000070a000000 space 32768K,   0% used [0x000000070a000000, 0x000000070c000000)
AC   0  F    TS     0 PTAMS 0x000000070c000000 NTAMS 0x000000070c000000 space 32768K,   0% used [0x000000070c000000, 0x000000070e000000)
AC   0  F    TS     0 PTAMS 0x000000070e000000 NTAMS 0x000000070e000000 space 32768K,   0% used [0x000000070e000000, 0x0000000710000000)
AC   0  F    TS     0 PTAMS 0x0000000710000000 NTAMS 0x0000000710000000 space 32768K,   0% used [0x0000000710000000, 0x0000000712000000)
AC   0  F    TS     0 PTAMS 0x0000000712000000 NTAMS 0x0000000712000000 space 32768K,   0% used [0x0000000712000000, 0x0000000714000000)
AC   0  F    TS     0 PTAMS 0x0000000714000000 NTAMS 0x0000000714000000 space 32768K,   0% used [0x0000000714000000, 0x0000000716000000)
AC   0  F    TS     0 PTAMS 0x0000000716000000 NTAMS 0x0000000716000000 space 32768K,   0% used [0x0000000716000000, 0x0000000718000000)
AC   0  F    TS     0 PTAMS 0x0000000718000000 NTAMS 0x0000000718000000 space 32768K,   0% used [0x0000000718000000, 0x000000071a000000)
AC   0  F    TS     0 PTAMS 0x000000071a000000 NTAMS 0x000000071a000000 space 32768K,   0% used [0x000000071a000000, 0x000000071c000000)
AC   0  F    TS     0 PTAMS 0x000000071c000000 NTAMS 0x000000071c000000 space 32768K,   0% used [0x000000071c000000, 0x000000071e000000)
AC   0  F    TS     0 PTAMS 0x000000071e000000 NTAMS 0x000000071e000000 space 32768K,   0% used [0x000000071e000000, 0x0000000720000000)
AC   0  F    TS     0 PTAMS 0x0000000720000000 NTAMS 0x0000000720000000 space 32768K,   0% used [0x0000000720000000, 0x0000000722000000)
AC   0  F    TS     0 PTAMS 0x0000000722000000 NTAMS 0x0000000722000000 space 32768K,   0% used [0x0000000722000000, 0x0000000724000000)
AC   0  F    TS     0 PTAMS 0x0000000724000000 NTAMS 0x0000000724000000 space 32768K,   0% used [0x0000000724000000, 0x0000000726000000)
AC   0  F    TS     0 PTAMS 0x0000000726000000 NTAMS 0x0000000726000000 space 32768K,   0% used [0x0000000726000000, 0x0000000728000000)
AC   0  F    TS     0 PTAMS 0x0000000728000000 NTAMS 0x0000000728000000 space 32768K,   0% used [0x0000000728000000, 0x000000072a000000)
AC   0  F    TS     0 PTAMS 0x000000072a000000 NTAMS 0x000000072a000000 space 32768K,   0% used [0x000000072a000000, 0x000000072c000000)
AC   0  F    TS     0 PTAMS 0x000000072c000000 NTAMS 0x000000072c000000 space 32768K,   0% used [0x000000072c000000, 0x000000072e000000)
AC   0  F    TS     0 PTAMS 0x000000072e000000 NTAMS 0x000000072e000000 space 32768K,   0% used [0x000000072e000000, 0x0000000730000000)
AC   0  F    TS     0 PTAMS 0x0000000730000000 NTAMS 0x0000000730000000 space 32768K,   0% used [0x0000000730000000, 0x0000000732000000)
AC   0  F    TS     0 PTAMS 0x0000000732000000 NTAMS 0x0000000732000000 space 32768K,   0% used [0x0000000732000000, 0x0000000734000000)
AC   0  F    TS     0 PTAMS 0x0000000734000000 NTAMS 0x0000000734000000 space 32768K,   0% used [0x0000000734000000, 0x0000000736000000)
AC   0  F    TS     0 PTAMS 0x0000000736000000 NTAMS 0x0000000736000000 space 32768K,   0% used [0x0000000736000000, 0x0000000738000000)
AC   0  F    TS     0 PTAMS 0x0000000738000000 NTAMS 0x0000000738000000 space 32768K,   0% used [0x0000000738000000, 0x000000073a000000)
AC   0  F    TS     0 PTAMS 0x000000073a000000 NTAMS 0x000000073a000000 space 32768K,   0% used [0x000000073a000000, 0x000000073c000000)
AC   0  F    TS     0 PTAMS 0x000000073c000000 NTAMS 0x000000073c000000 space 32768K,   0% used [0x000000073c000000, 0x000000073e000000)
AC   0  F    TS     0 PTAMS 0x000000073e000000 NTAMS 0x000000073e000000 space 32768K,   0% used [0x000000073e000000, 0x0000000740000000)
AC   0  F    TS     0 PTAMS 0x0000000740000000 NTAMS 0x0000000740000000 space 32768K,   0% used [0x0000000740000000, 0x0000000742000000)
AC   0  F    TS     0 PTAMS 0x0000000742000000 NTAMS 0x0000000742000000 space 32768K,   0% used [0x0000000742000000, 0x0000000744000000)
AC   0  F    TS     0 PTAMS 0x0000000744000000 NTAMS 0x0000000744000000 space 32768K,   0% used [0x0000000744000000, 0x0000000746000000)
AC   0  F    TS     0 PTAMS 0x0000000746000000 NTAMS 0x0000000746000000 space 32768K,   0% used [0x0000000746000000, 0x0000000748000000)
AC   0  F    TS     0 PTAMS 0x0000000748000000 NTAMS 0x0000000748000000 space 32768K,   0% used [0x0000000748000000, 0x000000074a000000)
AC   0  F    TS     0 PTAMS 0x000000074a000000 NTAMS 0x000000074a000000 space 32768K,   0% used [0x000000074a000000, 0x000000074c000000)
AC   0  F    TS     0 PTAMS 0x000000074c000000 NTAMS 0x000000074c000000 space 32768K,   0% used [0x000000074c000000, 0x000000074e000000)
AC   0  F    TS     0 PTAMS 0x000000074e000000 NTAMS 0x000000074e000000 space 32768K,   0% used [0x000000074e000000, 0x0000000750000000)
AC   0  F    TS     0 PTAMS 0x0000000750000000 NTAMS 0x0000000750000000 space 32768K,   0% used [0x0000000750000000, 0x0000000752000000)
AC   0  F    TS     0 PTAMS 0x0000000752000000 NTAMS 0x0000000752000000 space 32768K,   0% used [0x0000000752000000, 0x0000000754000000)
AC   0  F    TS     0 PTAMS 0x0000000754000000 NTAMS 0x0000000754000000 space 32768K,   0% used [0x0000000754000000, 0x0000000756000000)
AC   0  F    TS     0 PTAMS 0x0000000756000000 NTAMS 0x0000000756000000 space 32768K,   0% used [0x0000000756000000, 0x0000000758000000)
AC   0  F    TS     0 PTAMS 0x0000000758000000 NTAMS 0x0000000758000000 space 32768K,   0% used [0x0000000758000000, 0x000000075a000000)
AC   0  F    TS     0 PTAMS 0x000000075a000000 NTAMS 0x000000075a000000 space 32768K,   0% used [0x000000075a000000, 0x000000075c000000)
AC   0  F    TS     0 PTAMS 0x000000075c000000 NTAMS 0x000000075c000000 space 32768K,   0% used [0x000000075c000000, 0x000000075e000000)
AC   0  F    TS     0 PTAMS 0x000000075e000000 NTAMS 0x000000075e000000 space 32768K,   0% used [0x000000075e000000, 0x0000000760000000)
AC   0  F    TS     0 PTAMS 0x0000000760000000 NTAMS 0x0000000760000000 space 32768K,   0% used [0x0000000760000000, 0x0000000762000000)
AC   0  F    TS     0 PTAMS 0x0000000762000000 NTAMS 0x0000000762000000 space 32768K,   0% used [0x0000000762000000, 0x0000000764000000)
AC   0  F    TS     0 PTAMS 0x0000000764000000 NTAMS 0x0000000764000000 space 32768K,   0% used [0x0000000764000000, 0x0000000766000000)
AC   0  F    TS     0 PTAMS 0x0000000766000000 NTAMS 0x0000000766000000 space 32768K,   0% used [0x0000000766000000, 0x0000000768000000)
AC   0  F    TS     0 PTAMS 0x0000000768000000 NTAMS 0x0000000768000000 space 32768K,   0% used [0x0000000768000000, 0x000000076a000000)
AC   0  F    TS     0 PTAMS 0x000000076a000000 NTAMS 0x000000076a000000 space 32768K,   0% used [0x000000076a000000, 0x000000076c000000)
AC   0  F    TS     0 PTAMS 0x000000076c000000 NTAMS 0x000000076c000000 space 32768K,   0% used [0x000000076c000000, 0x000000076e000000)
AC   0  F    TS     0 PTAMS 0x000000076e000000 NTAMS 0x000000076e000000 space 32768K,   0% used [0x000000076e000000, 0x0000000770000000)
AC   0  F    TS     0 PTAMS 0x0000000770000000 NTAMS 0x0000000770000000 space 32768K,   0% used [0x0000000770000000, 0x0000000772000000)
AC   0  F    TS     0 PTAMS 0x0000000772000000 NTAMS 0x0000000772000000 space 32768K,   0% used [0x0000000772000000, 0x0000000774000000)
AC   0  F    TS     0 PTAMS 0x0000000774000000 NTAMS 0x0000000774000000 space 32768K,   0% used [0x0000000774000000, 0x0000000776000000)
AC   0  F    TS     0 PTAMS 0x0000000776000000 NTAMS 0x0000000776000000 space 32768K,   0% used [0x0000000776000000, 0x0000000778000000)
AC   0  F    TS     0 PTAMS 0x0000000778000000 NTAMS 0x0000000778000000 space 32768K,   0% used [0x0000000778000000, 0x000000077a000000)
AC   0  F    TS     0 PTAMS 0x000000077a000000 NTAMS 0x000000077a000000 space 32768K,   0% used [0x000000077a000000, 0x000000077c000000)
AC   0  F    TS     0 PTAMS 0x000000077c000000 NTAMS 0x000000077c000000 space 32768K,   0% used [0x000000077c000000, 0x000000077e000000)
AC   0  F    TS     0 PTAMS 0x000000077e000000 NTAMS 0x000000077e000000 space 32768K,   0% used [0x000000077e000000, 0x0000000780000000)
AC   0  F    TS     0 PTAMS 0x0000000780000000 NTAMS 0x0000000780000000 space 32768K,   0% used [0x0000000780000000, 0x0000000782000000)
AC   0  F    TS     0 PTAMS 0x0000000782000000 NTAMS 0x0000000782000000 space 32768K,   0% used [0x0000000782000000, 0x0000000784000000)
AC   0  F    TS     0 PTAMS 0x0000000784000000 NTAMS 0x0000000784000000 space 32768K,   0% used [0x0000000784000000, 0x0000000786000000)
AC   0  F    TS     0 PTAMS 0x0000000786000000 NTAMS 0x0000000786000000 space 32768K,   0% used [0x0000000786000000, 0x0000000788000000)
AC   0  F    TS     0 PTAMS 0x0000000788000000 NTAMS 0x0000000788000000 space 32768K,   0% used [0x0000000788000000, 0x000000078a000000)
AC   0  F    TS     0 PTAMS 0x000000078a000000 NTAMS 0x000000078a000000 space 32768K,   0% used [0x000000078a000000, 0x000000078c000000)
AC   0  F    TS     0 PTAMS 0x000000078c000000 NTAMS 0x000000078c000000 space 32768K,   0% used [0x000000078c000000, 0x000000078e000000)
AC   0  F    TS     0 PTAMS 0x000000078e000000 NTAMS 0x000000078e000000 space 32768K,   0% used [0x000000078e000000, 0x0000000790000000)
AC   0  F    TS     0 PTAMS 0x0000000790000000 NTAMS 0x0000000790000000 space 32768K,   0% used [0x0000000790000000, 0x0000000792000000)
AC   0  F    TS     0 PTAMS 0x0000000792000000 NTAMS 0x0000000792000000 space 32768K,   0% used [0x0000000792000000, 0x0000000794000000)
AC   0  F    TS     0 PTAMS 0x0000000794000000 NTAMS 0x0000000794000000 space 32768K,   0% used [0x0000000794000000, 0x0000000796000000)
AC   0  F    TS     0 PTAMS 0x0000000796000000 NTAMS 0x0000000796000000 space 32768K,   0% used [0x0000000796000000, 0x0000000798000000)
AC   0  F    TS     0 PTAMS 0x0000000798000000 NTAMS 0x0000000798000000 space 32768K,   0% used [0x0000000798000000, 0x000000079a000000)
AC   0  F    TS     0 PTAMS 0x000000079a000000 NTAMS 0x000000079a000000 space 32768K,   0% used [0x000000079a000000, 0x000000079c000000)
AC   0  F    TS     0 PTAMS 0x000000079c000000 NTAMS 0x000000079c000000 space 32768K,   0% used [0x000000079c000000, 0x000000079e000000)
AC   0  F    TS     0 PTAMS 0x000000079e000000 NTAMS 0x000000079e000000 space 32768K,   0% used [0x000000079e000000, 0x00000007a0000000)
AC   0  F    TS     0 PTAMS 0x00000007a0000000 NTAMS 0x00000007a0000000 space 32768K,   0% used [0x00000007a0000000, 0x00000007a2000000)
AC   0  F    TS     0 PTAMS 0x00000007a2000000 NTAMS 0x00000007a2000000 space 32768K,   0% used [0x00000007a2000000, 0x00000007a4000000)
AC   0  F    TS     0 PTAMS 0x00000007a4000000 NTAMS 0x00000007a4000000 space 32768K,   0% used [0x00000007a4000000, 0x00000007a6000000)
AC   0  F    TS     0 PTAMS 0x00000007a6000000 NTAMS 0x00000007a6000000 space 32768K,   0% used [0x00000007a6000000, 0x00000007a8000000)
AC   0  F    TS     0 PTAMS 0x00000007a8000000 NTAMS 0x00000007a8000000 space 32768K,   0% used [0x00000007a8000000, 0x00000007aa000000)
AC   0  F    TS     0 PTAMS 0x00000007aa000000 NTAMS 0x00000007aa000000 space 32768K,   0% used [0x00000007aa000000, 0x00000007ac000000)
AC   0  F    TS     0 PTAMS 0x00000007ac000000 NTAMS 0x00000007ac000000 space 32768K,   0% used [0x00000007ac000000, 0x00000007ae000000)
AC   0  F    TS     0 PTAMS 0x00000007ae000000 NTAMS 0x00000007ae000000 space 32768K,   0% used [0x00000007ae000000, 0x00000007b0000000)
AC   0  F    TS     0 PTAMS 0x00000007b0000000 NTAMS 0x00000007b0000000 space 32768K,   0% used [0x00000007b0000000, 0x00000007b2000000)
AC   0  F    TS     0 PTAMS 0x00000007b2000000 NTAMS 0x00000007b2000000 space 32768K,   0% used [0x00000007b2000000, 0x00000007b4000000)
AC   0  F    TS     0 PTAMS 0x00000007b4000000 NTAMS 0x00000007b4000000 space 32768K,   0% used [0x00000007b4000000, 0x00000007b6000000)
AC   0  S CS TS     1 PTAMS 0x00000007b6000000 NTAMS 0x00000007b6000000 space 32768K, 100% used [0x00000007b6000000, 0x00000007b8000000)
AC   0  F    TS     0 PTAMS 0x00000007b8000000 NTAMS 0x00000007b8000000 space 32768K,   0% used [0x00000007b8000000, 0x00000007ba000000)
AC   0  E    TS     0 PTAMS 0x00000007ba000000 NTAMS 0x00000007ba000000 space 32768K,  82% used [0x00000007ba000000, 0x00000007bc000000)
AC   0  E CS TS     0 PTAMS 0x00000007bc000000 NTAMS 0x00000007bc000000 space 32768K, 100% used [0x00000007bc000000, 0x00000007be000000)
AC   0  E CS TS     0 PTAMS 0x00000007be000000 NTAMS 0x00000007be000000 space 32768K, 100% used [0x00000007be000000, 0x00000007c0000000)

Card table byte_map: [0x0000000014ce0000,0x00000000158e0000] byte_map_base: 0x0000000011ae0000

Marking Bits (Prev, Next): (CMBitMap*) 0x0000000002cee380, (CMBitMap*) 0x0000000002cee328
 Prev Bits: [0x000000001c4e0000, 0x00000000224e0000)
 Next Bits: [0x00000000164e0000, 0x000000001c4e0000)

Polling page: 0x0000000002ac0000

CodeCache: size=245760Kb used=23022Kb max_used=23022Kb free=222737Kb
 bounds [0x0000000002d70000, 0x0000000004420000, 0x0000000011d70000]
 total_blobs=7129 nmethods=6269 adapters=771
 compilation: enabled

Compilation events (10 events):
Event: 26.056 Thread 0x0000000027051800 8686       3       com.google.gson.JsonArray::add (20 bytes)
Event: 26.057 Thread 0x0000000027051800 nmethod 8686 0x0000000003a10510 code [0x0000000003a10680, 0x0000000003a10948]
Event: 26.057 Thread 0x0000000027051800 8687       3       com.google.common.collect.ImmutableSet::builder (8 bytes)
Event: 26.057 Thread 0x0000000027051800 nmethod 8687 0x00000000031983d0 code [0x0000000003198560, 0x0000000003198a28]
Event: 26.058 Thread 0x0000000027051800 8690       3       com.google.common.collect.ImmutableSet$Builder::build (22 bytes)
Event: 26.058 Thread 0x0000000027051800 nmethod 8690 0x0000000003c28910 code [0x0000000003c28a80, 0x0000000003c28d58]
Event: 26.059 Thread 0x0000000027051800 8688       3       com.google.common.collect.ImmutableSet$Builder::<init> (6 bytes)
Event: 26.059 Thread 0x0000000027051800 nmethod 8688 0x0000000003a826d0 code [0x0000000003a82860, 0x0000000003a82c88]
Event: 26.059 Thread 0x000000002704c000 8692       4       java.nio.DirectIntBufferU::put (17 bytes)
Event: 26.060 Thread 0x0000000027051800 8689       3       com.google.common.collect.ImmutableSet$Builder::<init> (6 bytes)

GC Heap History (10 events):
Event: 24.680 GC heap before
{Heap before GC invocations=122 (full 0):
 garbage-first heap   total 6291456K, used 1153414K [0x0000000640000000, 0x0000000642000600, 0x00000007c0000000)
  region size 32768K, 4 young (131072K), 1 survivors (32768K)
 Metaspace       used 114986K, capacity 130163K, committed 130380K, reserved 1148928K
  class space    used 21030K, capacity 30752K, committed 30796K, reserved 1048576K
Event: 24.717 GC heap after
Heap after GC invocations=123 (full 0):
 garbage-first heap   total 6291456K, used 991133K [0x0000000640000000, 0x0000000642000600, 0x00000007c0000000)
  region size 32768K, 1 young (32768K), 1 survivors (32768K)
 Metaspace       used 114986K, capacity 130163K, committed 130380K, reserved 1148928K
  class space    used 21030K, capacity 30752K, committed 30796K, reserved 1048576K
}
Event: 24.887 GC heap before
{Heap before GC invocations=123 (full 0):
 garbage-first heap   total 6291456K, used 1089437K [0x0000000640000000, 0x0000000642000600, 0x00000007c0000000)
  region size 32768K, 4 young (131072K), 1 survivors (32768K)
 Metaspace       used 115643K, capacity 130835K, committed 131020K, reserved 1148928K
  class space    used 21194K, capacity 30912K, committed 30924K, reserved 1048576K
Event: 24.915 GC heap after
Heap after GC invocations=124 (full 0):
 garbage-first heap   total 6291456K, used 1015103K [0x0000000640000000, 0x0000000642000600, 0x00000007c0000000)
  region size 32768K, 1 young (32768K), 1 survivors (32768K)
 Metaspace       used 115643K, capacity 130835K, committed 131020K, reserved 1148928K
  class space    used 21194K, capacity 30912K, committed 30924K, reserved 1048576K
}
Event: 25.115 GC heap before
{Heap before GC invocations=124 (full 0):
 garbage-first heap   total 6291456K, used 1113407K [0x0000000640000000, 0x0000000642000600, 0x00000007c0000000)
  region size 32768K, 4 young (131072K), 1 survivors (32768K)
 Metaspace       used 116392K, capacity 131575K, committed 131916K, reserved 1150976K
  class space    used 21304K, capacity 31010K, committed 31052K, reserved 1048576K
Event: 25.143 GC heap after
Heap after GC invocations=125 (full 0):
 garbage-first heap   total 6291456K, used 1025349K [0x0000000640000000, 0x0000000642000600, 0x00000007c0000000)
  region size 32768K, 1 young (32768K), 1 survivors (32768K)
 Metaspace       used 116392K, capacity 131575K, committed 131916K, reserved 1150976K
  class space    used 21304K, capacity 31010K, committed 31052K, reserved 1048576K
}
Event: 25.576 GC heap before
{Heap before GC invocations=125 (full 0):
 garbage-first heap   total 6291456K, used 1123653K [0x0000000640000000, 0x0000000642000600, 0x00000007c0000000)
  region size 32768K, 4 young (131072K), 1 survivors (32768K)
 Metaspace       used 116730K, capacity 131943K, committed 132172K, reserved 1150976K
  class space    used 21336K, capacity 31046K, committed 31052K, reserved 1048576K
Event: 25.597 GC heap after
Heap after GC invocations=126 (full 0):
 garbage-first heap   total 6291456K, used 1031183K [0x0000000640000000, 0x0000000642000600, 0x00000007c0000000)
  region size 32768K, 1 young (32768K), 1 survivors (32768K)
 Metaspace       used 116730K, capacity 131943K, committed 132172K, reserved 1150976K
  class space    used 21336K, capacity 31046K, committed 31052K, reserved 1048576K
}
Event: 25.911 GC heap before
{Heap before GC invocations=127 (full 0):
 garbage-first heap   total 6291456K, used 1129487K [0x0000000640000000, 0x0000000642000600, 0x00000007c0000000)
  region size 32768K, 4 young (131072K), 1 survivors (32768K)
 Metaspace       used 117102K, capacity 132321K, committed 132556K, reserved 1150976K
  class space    used 21377K, capacity 31083K, committed 31180K, reserved 1048576K
Event: 25.936 GC heap after
Heap after GC invocations=128 (full 0):
 garbage-first heap   total 6291456K, used 1050780K [0x0000000640000000, 0x0000000642000600, 0x00000007c0000000)
  region size 32768K, 1 young (32768K), 1 survivors (32768K)
 Metaspace       used 117102K, capacity 132321K, committed 132556K, reserved 1150976K
  class space    used 21377K, capacity 31083K, committed 31180K, reserved 1048576K
}

Deoptimization events (10 events):
Event: 26.011 Thread 0x0000000002c73800 Uncommon trap: reason=bimorphic action=maybe_recompile pc=0x0000000003b8dfdc method=com.google.common.collect.AbstractMapBasedMultimap.put(Ljava/lang/Object;Ljava/lang/Object;)Z @ 5
Event: 26.012 Thread 0x0000000002c73800 Uncommon trap: reason=bimorphic action=maybe_recompile pc=0x0000000003b8dfdc method=com.google.common.collect.AbstractMapBasedMultimap.put(Ljava/lang/Object;Ljava/lang/Object;)Z @ 5
Event: 26.013 Thread 0x0000000002c73800 Uncommon trap: reason=unstable_if action=reinterpret pc=0x00000000034ea36c method=java.lang.invoke.TypeConvertingMethodAdapter.convertType(Ljava/lang/Class;Ljava/lang/Class;Ljava/lang/Class;)V @ 13
Event: 26.015 Thread 0x0000000002c73800 Uncommon trap: reason=unstable_if action=reinterpret pc=0x000000000339e0dc method=java.lang.invoke.AbstractValidatingLambdaMetafactory.isAdaptableTo(Ljava/lang/Class;Ljava/lang/Class;Z)Z @ 58
Event: 26.016 Thread 0x0000000002c73800 Uncommon trap: reason=unstable_if action=reinterpret pc=0x0000000002f6a5b8 method=java.lang.invoke.AbstractValidatingLambdaMetafactory.isAdaptableTo(Ljava/lang/Class;Ljava/lang/Class;Z)Z @ 58
Event: 26.028 Thread 0x0000000002c73800 Uncommon trap: reason=bimorphic action=maybe_recompile pc=0x00000000037041a8 method=com.google.common.collect.Iterators$6.computeNext()Ljava/lang/Object; @ 4
Event: 26.028 Thread 0x0000000002c73800 Uncommon trap: reason=bimorphic action=maybe_recompile pc=0x00000000037041a8 method=com.google.common.collect.Iterators$6.computeNext()Ljava/lang/Object; @ 4
Event: 26.028 Thread 0x0000000002c73800 Uncommon trap: reason=bimorphic action=maybe_recompile pc=0x00000000037041a8 method=com.google.common.collect.Iterators$6.computeNext()Ljava/lang/Object; @ 4
Event: 26.028 Thread 0x0000000002c73800 Uncommon trap: reason=bimorphic action=maybe_recompile pc=0x00000000037041a8 method=com.google.common.collect.Iterators$6.computeNext()Ljava/lang/Object; @ 4
Event: 26.046 Thread 0x0000000002c73800 Uncommon trap: reason=unstable_if action=reinterpret pc=0x000000000330bdc8 method=java.lang.Long.toString(J)Ljava/lang/String; @ 14

Internal exceptions (10 events):
Event: 25.972 Thread 0x0000000002c73800 Implicit null exception at 0x00000000040187c7 to 0x0000000004019110
Event: 26.015 Thread 0x0000000002c73800 Exception <a 'java/lang/IncompatibleClassChangeError': Found class java.lang.Object, but interface was expected> (0x00000007bc64dcd0) thrown at [C:\re\workspace\8-2-build-windows-amd64-cygwin\jdk8u51\3951\hotspot\src\share\vm\interpreter\linkResolver.cpp, ÝD<ü:@
Event: 26.016 Thread 0x0000000002c73800 Exception <a 'java/lang/IncompatibleClassChangeError': Found class java.lang.Object, but interface was expected> (0x00000007bc653670) thrown at [C:\re\workspace\8-2-build-windows-amd64-cygwin\jdk8u51\3951\hotspot\src\share\vm\interpreter\linkResolver.cpp, Ù-‘:@
Event: 26.032 Thread 0x0000000029b56800 Exception <a 'java/lang/InterruptedException': sleep interrupted> (0x00000007bcdca470) thrown at [C:\re\workspace\8-2-build-windows-amd64-cygwin\jdk8u51\3951\hotspot\src\share\vm\prims\jvm.cpp, line 3211]
Event: 26.048 Thread 0x0000000029b56800 Exception <a 'java/security/PrivilegedActionException'> (0x00000007bd871700) thrown at [C:\re\workspace\8-2-build-windows-amd64-cygwin\jdk8u51\3951\hotspot\src\share\vm\prims\jvm.cpp, line 1382]
Event: 26.048 Thread 0x0000000029b56800 Exception <a 'java/security/PrivilegedActionException'> (0x00000007bd872ad8) thrown at [C:\re\workspace\8-2-build-windows-amd64-cygwin\jdk8u51\3951\hotspot\src\share\vm\prims\jvm.cpp, line 1382]
Event: 26.048 Thread 0x0000000029b56800 Exception <a 'java/security/PrivilegedActionException'> (0x00000007bd874490) thrown at [C:\re\workspace\8-2-build-windows-amd64-cygwin\jdk8u51\3951\hotspot\src\share\vm\prims\jvm.cpp, line 1382]
Event: 26.048 Thread 0x0000000029b56800 Exception <a 'java/security/PrivilegedActionException'> (0x00000007bd875b78) thrown at [C:\re\workspace\8-2-build-windows-amd64-cygwin\jdk8u51\3951\hotspot\src\share\vm\prims\jvm.cpp, line 1382]
Event: 26.048 Thread 0x0000000029b56800 Exception <a 'java/security/PrivilegedActionException'> (0x00000007bd876ed8) thrown at [C:\re\workspace\8-2-build-windows-amd64-cygwin\jdk8u51\3951\hotspot\src\share\vm\prims\jvm.cpp, line 1382]
Event: 26.048 Thread 0x0000000029b56800 Exception <a 'java/security/PrivilegedActionException'> (0x00000007bd878398) thrown at [C:\re\workspace\8-2-build-windows-amd64-cygwin\jdk8u51\3951\hotspot\src\share\vm\prims\jvm.cpp, line 1382]

Events (10 events):
Event: 26.059 Thread 0x0000000027051800 flushing nmethod 0x000000000424f3d0
Event: 26.059 Thread 0x0000000027051800 flushing nmethod 0x0000000004251b50
Event: 26.059 Thread 0x0000000027051800 flushing nmethod 0x0000000004252fd0
Event: 26.059 Thread 0x0000000027051800 flushing nmethod 0x0000000004257e10
Event: 26.059 loading class org/lwjgl/openal/Util
Event: 26.059 loading class org/lwjgl/openal/Util done
Event: 26.060 loading class org/lwjgl/openal/OpenALException
Event: 26.060 loading class org/lwjgl/openal/OpenALException done
Event: 26.060 loading class net/minecraft/client/renderer/block/model/BlockPartRotation
Event: 26.060 loading class net/minecraft/client/renderer/block/model/BlockPartRotation done


Dynamic libraries:
0x00007ff636820000 - 0x00007ff636857000 	D:\minecraft\runtime\jre-legacy\windows\jre-legacy\bin\javaw.exe
0x00007ffcdbe60000 - 0x00007ffcdc00d000 	C:\Windows\SYSTEM32\ntdll.dll
0x00007ffcdb280000 - 0x00007ffcdb3bf000 	C:\Windows\system32\KERNEL32.DLL
0x00007ffcb5660000 - 0x00007ffcb5676000 	C:\Program Files\AVAST Software\Avast\aswhook.dll
0x00007ffcd8fd0000 - 0x00007ffcd90e5000 	C:\Windows\system32\KERNELBASE.dll
0x00007ffcd7ad0000 - 0x00007ffcd7b5e000 	C:\Windows\system32\apphelp.dll
0x00007ffcccd90000 - 0x00007ffcccde5000 	C:\Windows\AppPatch\AppPatch64\AcGenral.DLL
0x00007ffcdb5a0000 - 0x00007ffcdb64a000 	C:\Windows\system32\msvcrt.dll
0x00007ffcd90f0000 - 0x00007ffcd911e000 	C:\Windows\system32\SspiCli.dll
0x00007ffcdb1c0000 - 0x00007ffcdb214000 	C:\Windows\system32\SHLWAPI.dll
0x00007ffcdbac0000 - 0x00007ffcdbc37000 	C:\Windows\system32\USER32.dll
0x00007ffcdaa90000 - 0x00007ffcdac25000 	C:\Windows\system32\ole32.dll
0x00007ffcd94f0000 - 0x00007ffcdaa1b000 	C:\Windows\system32\SHELL32.dll
0x00007ffcd8530000 - 0x00007ffcd8551000 	C:\Windows\SYSTEM32\USERENV.dll
0x00007ffcdad80000 - 0x00007ffcdae2d000 	C:\Windows\system32\ADVAPI32.dll
0x00007ffcccd70000 - 0x00007ffcccd8e000 	C:\Windows\SYSTEM32\MPR.dll
0x00007ffcdaf10000 - 0x00007ffcdb045000 	C:\Windows\system32\RPCRT4.dll
0x00007ffcdaeb0000 - 0x00007ffcdaf0b000 	C:\Windows\SYSTEM32\sechost.dll
0x00007ffcdbc40000 - 0x00007ffcdbe52000 	C:\Windows\SYSTEM32\combase.dll
0x00007ffcdac30000 - 0x00007ffcdad7e000 	C:\Windows\system32\GDI32.dll
0x00007ffcd8f00000 - 0x00007ffcd8f15000 	C:\Windows\SYSTEM32\profapi.dll
0x00007ffcd7a10000 - 0x00007ffcd7ac2000 	C:\Windows\SYSTEM32\SHCORE.dll
0x00007ffcdb240000 - 0x00007ffcdb276000 	C:\Windows\system32\IMM32.DLL
0x00007ffcdb060000 - 0x00007ffcdb1b1000 	C:\Windows\system32\MSCTF.dll
0x00007ffcd6a80000 - 0x00007ffcd6cfb000 	C:\Windows\WinSxS\amd64_microsoft.windows.common-controls_6595b64144ccf1df_6.0.9600.19394_none_62486577ecb635cf\COMCTL32.dll
0x0000000073c20000 - 0x0000000073cf2000 	D:\minecraft\runtime\jre-legacy\windows\jre-legacy\bin\msvcr100.dll
0x00000000722d0000 - 0x0000000072b53000 	D:\minecraft\runtime\jre-legacy\windows\jre-legacy\bin\server\jvm.dll
0x00007ffcccd60000 - 0x00007ffcccd69000 	C:\Windows\SYSTEM32\WSOCK32.dll
0x00007ffcd6f50000 - 0x00007ffcd6f72000 	C:\Windows\SYSTEM32\WINMM.dll
0x00007ffcd7760000 - 0x00007ffcd776a000 	C:\Windows\SYSTEM32\VERSION.dll
0x00007ffcdaa20000 - 0x00007ffcdaa27000 	C:\Windows\system32\PSAPI.DLL
0x00007ffcdaa30000 - 0x00007ffcdaa8a000 	C:\Windows\system32\WS2_32.dll
0x00007ffcd6f20000 - 0x00007ffcd6f4a000 	C:\Windows\SYSTEM32\WINMMBASE.dll
0x00007ffcdae30000 - 0x00007ffcdae39000 	C:\Windows\system32\NSI.dll
0x00007ffcd9230000 - 0x00007ffcd927f000 	C:\Windows\SYSTEM32\cfgmgr32.dll
0x00007ffcd7d50000 - 0x00007ffcd7d78000 	C:\Windows\SYSTEM32\DEVOBJ.dll
0x0000000073c10000 - 0x0000000073c1f000 	D:\minecraft\runtime\jre-legacy\windows\jre-legacy\bin\verify.dll
0x0000000073be0000 - 0x0000000073c09000 	D:\minecraft\runtime\jre-legacy\windows\jre-legacy\bin\java.dll
0x0000000073bc0000 - 0x0000000073bd6000 	D:\minecraft\runtime\jre-legacy\windows\jre-legacy\bin\zip.dll
0x0000000073bb0000 - 0x0000000073bbd000 	D:\minecraft\runtime\jre-legacy\windows\jre-legacy\bin\management.dll
0x0000000073b90000 - 0x0000000073baa000 	D:\minecraft\runtime\jre-legacy\windows\jre-legacy\bin\net.dll
0x00007ffcd87a0000 - 0x00007ffcd87f9000 	C:\Windows\system32\mswsock.dll
0x00007ffcc6900000 - 0x00007ffcc6915000 	C:\Windows\system32\napinsp.dll
0x00007ffcc5710000 - 0x00007ffcc572a000 	C:\Windows\system32\pnrpnsp.dll
0x00007ffccfed0000 - 0x00007ffccfeeb000 	C:\Windows\system32\NLAapi.dll
0x00007ffcd85a0000 - 0x00007ffcd8644000 	C:\Windows\SYSTEM32\DNSAPI.dll
0x00007ffcc5700000 - 0x00007ffcc570d000 	C:\Windows\System32\winrnr.dll
0x00007ffcd6310000 - 0x00007ffcd633a000 	C:\Windows\SYSTEM32\IPHLPAPI.DLL
0x00007ffcd6300000 - 0x00007ffcd630a000 	C:\Windows\SYSTEM32\WINNSI.DLL
0x00007ffcced00000 - 0x00007ffcced6b000 	C:\Windows\System32\fwpuclnt.dll
0x00007ffcc4340000 - 0x00007ffcc434a000 	C:\Windows\System32\rasadhlp.dll
0x0000000073b70000 - 0x0000000073b81000 	D:\minecraft\runtime\jre-legacy\windows\jre-legacy\bin\nio.dll
0x00007ffcd8800000 - 0x00007ffcd8820000 	C:\Windows\SYSTEM32\CRYPTSP.dll
0x00007ffcd8420000 - 0x00007ffcd8456000 	C:\Windows\system32\rsaenh.dll
0x00007ffcd8a40000 - 0x00007ffcd8a66000 	C:\Windows\SYSTEM32\bcrypt.dll
0x00007ffcd8dd0000 - 0x00007ffcd8e33000 	C:\Windows\system32\bcryptprimitives.dll
0x00007ffcd8e40000 - 0x00007ffcd8e4b000 	C:\Windows\SYSTEM32\CRYPTBASE.dll
0x00007ffcd0f60000 - 0x00007ffcd0f76000 	C:\Windows\SYSTEM32\dhcpcsvc6.DLL
0x00007ffcd0330000 - 0x00007ffcd034a000 	C:\Windows\SYSTEM32\dhcpcsvc.DLL
0x0000000073b50000 - 0x0000000073b67000 	D:\minecraft\runtime\jre-legacy\windows\jre-legacy\bin\unpack.dll
0x0000000180000000 - 0x0000000180053000 	D:\minecraft\versions\ForgeOptiFine 1.12.2\natives\lwjgl64.dll
0x00007ffc8e5f0000 - 0x00007ffc8e71b000 	C:\Windows\SYSTEM32\OPENGL32.dll
0x00007ffcb5680000 - 0x00007ffcb56ae000 	C:\Windows\SYSTEM32\GLU32.dll
0x00007ffcb88d0000 - 0x00007ffcb89c8000 	C:\Windows\SYSTEM32\DDRAW.dll
0x00007ffcd6780000 - 0x00007ffcd6789000 	C:\Windows\SYSTEM32\DCIMAN32.dll
0x00000000739b0000 - 0x0000000073b48000 	D:\minecraft\runtime\jre-legacy\windows\jre-legacy\bin\awt.dll
0x00007ffcdb930000 - 0x00007ffcdb9f6000 	C:\Windows\system32\OLEAUT32.dll
0x00007ffcd7ba0000 - 0x00007ffcd7cc9000 	C:\Windows\system32\uxtheme.dll
0x00007ffcd5630000 - 0x00007ffcd5651000 	C:\Windows\system32\dwmapi.dll
0x00007ffcd7d40000 - 0x00007ffcd7d4b000 	C:\Windows\SYSTEM32\kernel.appcore.dll
0x00007ffc78e90000 - 0x00007ffc7b81b000 	C:\Windows\SYSTEM32\nvoglv64.DLL
0x00007ffcdb3c0000 - 0x00007ffcdb59a000 	C:\Windows\system32\SETUPAPI.dll
0x00007ffcd6d00000 - 0x00007ffcd6d12000 	C:\Windows\SYSTEM32\WTSAPI32.dll
0x00007ffcd8fb0000 - 0x00007ffcd8fc1000 	C:\Windows\system32\msasn1.dll
0x00007ffcd7720000 - 0x00007ffcd7753000 	C:\Windows\SYSTEM32\cryptnet.dll
0x00007ffcd9280000 - 0x00007ffcd94d7000 	C:\Windows\system32\CRYPT32.dll
0x00007ffcdb8d0000 - 0x00007ffcdb92c000 	C:\Windows\system32\WLDAP32.dll
0x00007ffcd9120000 - 0x00007ffcd9171000 	C:\Windows\system32\WINTRUST.dll
0x00007ffcd79a0000 - 0x00007ffcd79d2000 	C:\Windows\SYSTEM32\ntmarta.dll
0x00007ffcb5f90000 - 0x00007ffcb6252000 	C:\Windows\system32\nvspcap64.dll
0x00007ffcd0b30000 - 0x00007ffcd0bc2000 	C:\Windows\SYSTEM32\mscms.dll
0x00007ffcbeb60000 - 0x00007ffcbeba1000 	C:\Windows\SYSTEM32\icm32.dll
0x00007ffcd8a90000 - 0x00007ffcd8ad6000 	C:\Windows\SYSTEM32\powrprof.dll
0x00007ffcd82b0000 - 0x00007ffcd830a000 	C:\Windows\SYSTEM32\WINSTA.dll
0x00007ffc8ebe0000 - 0x00007ffc8ec22000 	C:\Users\Kirill\AppData\Local\Temp\jna--2047310731\jna5615130072928081839.dll
0x0000000073980000 - 0x00000000739a4000 	D:\minecraft\runtime\jre-legacy\windows\jre-legacy\bin\sunec.dll
0x0000000033f60000 - 0x0000000033fc4000 	D:\minecraft\versions\ForgeOptiFine 1.12.2\natives\OpenAL64.dll
0x00007ffcdba00000 - 0x00007ffcdbab6000 	C:\Windows\SYSTEM32\clbcatq.dll
0x00007ffcd6920000 - 0x00007ffcd6990000 	C:\Windows\System32\MMDevApi.dll
0x00007ffcbb080000 - 0x00007ffcbb11d000 	C:\Windows\SYSTEM32\dsound.dll
0x00007ffcbd9a0000 - 0x00007ffcbda1e000 	C:\Windows\SYSTEM32\AUDIOSES.DLL
0x00007ffcd0090000 - 0x00007ffcd0219000 	C:\Windows\SYSTEM32\dbghelp.dll

VM Arguments:
jvm_args: -Djava.library.path=D:\minecraft\versions\ForgeOptiFine 1.12.2\natives -Xmn128M -Xmx6826M -XX:+UnlockExperimentalVMOptions -XX:+UseG1GC -XX:G1NewSizePercent=20 -XX:G1ReservePercent=20 -XX:MaxGCPauseMillis=50 -XX:G1HeapRegionSize=32M -Dfml.ignoreInvalidMinecraftCertificates=true -Dfml.ignorePatchDiscrepancies=true -Djava.net.preferIPv4Stack=true -Dminecraft.applet.TargetDirectory=D:\minecraft -Dlog4j.configurationFile=D:\minecraft\assets\log_configs\client-1.12.xml -Xms6G -Xmx6G -Xmn128m -XX:+UseG1GC -XX:+AlwaysPreTouch -XX:+UnlockExperimentalVMOptions -XX:MaxGCPauseMillis=100 -XX:+DisableExplicitGC -XX:TargetSurvivorRatio=90 -XX:G1NewSizePercent=50 -XX:G1MaxNewSizePercent=80 -XX:InitiatingHeapOccupancyPercent=10 -XX:G1MixedGCLiveThresholdPercent=50 
java_command: net.minecraft.launchwrapper.Launch --username Kirri_7 --version ForgeOptiFine 1.12.2 --gameDir D:\minecraft --assetsDir D:\minecraft\assets --assetIndex 1.12 --uuid 521ee1eb-0a7f-11ea-a9db-b42e996a7d7a --accessToken null --userType mojang --tweakClass net.minecraftforge.fml.common.launcher.FMLTweaker --versionType Forge --width 925 --height 530 --fullscreen
java_class_path (initial): D:\minecraft\libraries\net\minecraftforge\forge\1.12.2-14.23.5.2860\forge-1.12.2-14.23.5.2860.jar;D:\minecraft\libraries\org\ow2\asm\asm-debug-all\5.2\asm-debug-all-5.2.jar;D:\minecraft\libraries\net\minecraft\launchwrapper\1.12\launchwrapper-1.12.jar;D:\minecraft\libraries\org\jline\jline\3.5.1\jline-3.5.1.jar;D:\minecraft\libraries\com\typesafe\akka\akka-actor_2.11\2.3.3\akka-actor_2.11-2.3.3.jar;D:\minecraft\libraries\com\typesafe\config\1.2.1\config-1.2.1.jar;D:\minecraft\libraries\org\scala-lang\scala-actors-migration_2.11\1.1.0\scala-actors-migration_2.11-1.1.0.jar;D:\minecraft\libraries\org\scala-lang\scala-compiler\2.11.1\scala-compiler-2.11.1.jar;D:\minecraft\libraries\org\scala-lang\plugins\scala-continuations-library_2.11\1.0.2_mc\scala-continuations-library_2.11-1.0.2_mc.jar;D:\minecraft\libraries\org\scala-lang\plugins\scala-continuations-plugin_2.11.1\1.0.2_mc\scala-continuations-plugin_2.11.1-1.0.2_mc.jar;D:\minecraft\libraries\org\scala-lang\scala-library\2.11.1\scala-library-2.11.1.jar;D:\minecraft\libraries\org\scala-lang\scala-parser-combinators_2.11\1.0.1\scala-parser-combinators_2.11-1.0.1.jar;D:\minecraft\libraries\org\scala-lang\scala-reflect\2.11.1\scala-reflect-2.11.1.jar;D:\minecraft\libraries\org\scala-lang\scala-swing_2.11\1.0.1\scala-swing_2.11-1.0.1.jar;D:\minecraft\libraries\org\scala-lang\scala-xml_2.11\1.0.2\scala-xml_2.11-1.0.2.jar;D:\minecraft\libraries\lzma\lzma\0.0.1\lzma-0.0.1.jar;D:\minecraft\libraries\java3d\vecmath\1.5.2\vecmath-1.5.2.jar;D:\minecraft\libraries\net\sf\trove4j\trove4j\3.0.3\trove4j-3.0.3.jar;D:\minecraft\libraries\org\apache\maven\maven-artifact\3.5.3\maven-artifact-3.5.3.jar;D:\minecraft\libraries\net\sf\jopt-simple\jopt-simple\5.0.3\jopt-simple-5.0.3.jar;D:\minecraft\libraries\org\apache\logging\log4j\log4j-api\2.15.0\log4j-api-2.15.0.jar;D:\minecraft\libraries\org\apache\logging\log4j\log4j-core\2.15.0\log4j-core-2.15.0.jar;D:\minecraft\libraries\org\tlauncher\patchy\1.3.9\patch
Launcher Type: SUN_STANDARD

Environment Variables:
PATH=C:\Program Files (x86)\Common Files\Oracle\Java\javapath;C:\Program Files (x86)\Common Files\Intel\Shared Libraries\redist\intel64\compiler;C:\ProgramData\Oracle\Java\javapath;C:\Windows\system32;C:\Windows;C:\Windows\System32\Wbem;C:\Windows\System32\WindowsPowerShell\v1.0\;C:\Program Files\NVIDIA Corporation\NVIDIA NvDLISR;C:\Program Files (x86)\GtkSharp\2.12\bin;C:\Program Files (x86)\NVIDIA Corporation\PhysX\Common;C:\Program Files\Git\cmd;C:\Program Files (x86)\dotnet\;C:\Program Files (x86)\Gpg4win\..\GnuPG\bin;C:\Users\Kirill\AppData\Local\Programs\Python\Python39\Scripts\;C:\Users\Kirill\AppData\Local\Programs\Python\Python39\;C:\Users\Kirill\.cargo\bin;C:\Users\Kirill\AppData\Local\Programs\Python\Python39-32\Scripts\;C:\Users\Kirill\AppData\Local\Programs\Python\Python39-32\;C:\Users\Êèðèëë\AppData\Local\Programs\Python\Python38-32\Scripts\;C:\Users\Êèðèëë\AppData\Local\Programs\Python\Python38-32\;C:\Users\Kirill\AppData\Local\Programs\Microsoft VS Code\bin;C:\Program Files\JetBrains\PyCharm Community Edition 2022.1\bin;;C:\Program Files\Java\jre1.8.0_311\bin
USERNAME=Kirill
OS=Windows_NT
PROCESSOR_IDENTIFIER=Intel64 Family 6 Model 158 Stepping 10, GenuineIntel



---------------  S Y S T E M  ---------------

OS: Windows 8.1 , 64 bit Build 9600 (6.3.9600.20326)

CPU:total 12 (6 cores per cpu, 2 threads per core) family 6 model 158 stepping 10, cmov, cx8, fxsr, mmx, sse, sse2, sse3, ssse3, sse4.1, sse4.2, popcnt, avx, avx2, aes, clmul, erms, rtm, 3dnowpref, lzcnt, ht, tsc, tscinvbit, bmi1, bmi2, adx

Memory: 4k page, physical 16688376k(5848664k free), swap 27113292k(7103572k free)

vm_info: Java HotSpot(TM) 64-Bit Server VM (25.51-b03) for windows-amd64 JRE (1.8.0_51-b16), built on Jun  8 2015 18:03:07 by "java_re" with MS VC++ 10.0 (VS2010)

time: Fri May 06 11:55:25 2022
elapsed time: 26 seconds (0d 0h 0m 26s)

